<?xml version="1.0" encoding="UTF-8"?>
<!-- Generated by org.testng.reporters.JUnitReportReporter -->
<testsuite hostname="LAPTOP-RQ5ADVUS" failures="0" tests="5" name="projectToAutomate.theTestCases" time="75.591" errors="0" timestamp="2024-01-21T23:10:34 EET" skipped="0">
  <testcase classname="projectToAutomate.theTestCases" name="sinpupTest" time="5.104"/>
  <system-out/>
  <testcase classname="projectToAutomate.theTestCases" name="logoutTest" time="9.301"/>
  <system-out/>
  <testcase classname="projectToAutomate.theTestCases" name="loginTest" time="6.297"/>
  <system-out/>
  <testcase classname="projectToAutomate.theTestCases" name="addFirstThreeItem" time="39.169"/>
  <system-out/>
  <testcase classname="projectToAutomate.theTestCases" name="addRandomItem" time="15.720"/>
  <system-out/>
</testsuite> <!-- projectToAutomate.theTestCases -->
