<?xml version="1.0" encoding="UTF-8"?>
<!-- Generated by org.testng.reporters.JUnitReportReporter -->
<testsuite hostname="LAPTOP-RQ5ADVUS" failures="0" tests="5" name="projectToTest.theTestCases" time="87.910" errors="0" timestamp="2024-01-21T01:14:28 EET" skipped="0">
  <testcase classname="projectToTest.theTestCases" name="sinpupTest" time="8.644"/>
  <system-out/>
  <testcase classname="projectToTest.theTestCases" name="logoutTest" time="10.720"/>
  <system-out/>
  <testcase classname="projectToTest.theTestCases" name="loginTest" time="8.106"/>
  <system-out/>
  <testcase classname="projectToTest.theTestCases" name="addFirstThreeItem" time="41.983"/>
  <system-out/>
  <testcase classname="projectToTest.theTestCases" name="addRandomItem" time="18.457"/>
  <system-out/>
</testsuite> <!-- projectToTest.theTestCases -->
