<?xml version="1.0" encoding="UTF-8"?>
<!-- Generated by org.testng.reporters.JUnitReportReporter -->
<testsuite hostname="LAPTOP-RQ5ADVUS" failures="0" tests="5" name="projectToAutomate.theTestCases" time="65.607" errors="0" timestamp="2024-02-01T07:42:57 EET" skipped="0">
  <testcase classname="projectToAutomate.theTestCases" name="sinpupTest" time="5.099"/>
  <system-out/>
  <testcase classname="projectToAutomate.theTestCases" name="logoutTest" time="9.599"/>
  <system-out/>
  <testcase classname="projectToAutomate.theTestCases" name="loginTest" time="6.618"/>
  <system-out/>
  <testcase classname="projectToAutomate.theTestCases" name="addFirstThreeItem" time="34.036"/>
  <system-out/>
  <testcase classname="projectToAutomate.theTestCases" name="addRandomItem" time="10.255"/>
  <system-out/>
</testsuite> <!-- projectToAutomate.theTestCases -->
