<?xml version="1.0" encoding="UTF-8"?>
<!-- Generated by org.testng.reporters.JUnitReportReporter -->
<testsuite hostname="LAPTOP-RQ5ADVUS" failures="0" tests="5" name="projectToAutomate.theTestCases" time="65.815" errors="0" timestamp="2024-02-19T23:12:03 EET" skipped="0">
  <testcase classname="projectToAutomate.theTestCases" name="sinpupTest" time="4.523"/>
  <system-out/>
  <testcase classname="projectToAutomate.theTestCases" name="logoutTest" time="9.657"/>
  <system-out/>
  <testcase classname="projectToAutomate.theTestCases" name="loginTest" time="6.716"/>
  <system-out/>
  <testcase classname="projectToAutomate.theTestCases" name="addFirstThreeItem" time="33.834"/>
  <system-out/>
  <testcase classname="projectToAutomate.theTestCases" name="addRandomItem" time="11.085"/>
  <system-out/>
</testsuite> <!-- projectToAutomate.theTestCases -->
