<?xml version="1.0" encoding="UTF-8"?>
<!-- Generated by org.testng.reporters.JUnitReportReporter -->
<testsuite hostname="LAPTOP-RQ5ADVUS" failures="0" tests="5" name="projectToTest.theTestCases" time="69.691" errors="0" timestamp="2024-01-21T23:03:38 EET" skipped="0">
  <testcase classname="projectToTest.theTestCases" name="sinpupTest" time="5.505"/>
  <system-out/>
  <testcase classname="projectToTest.theTestCases" name="logoutTest" time="9.564"/>
  <system-out/>
  <testcase classname="projectToTest.theTestCases" name="loginTest" time="5.926"/>
  <system-out/>
  <testcase classname="projectToTest.theTestCases" name="addFirstThreeItem" time="34.819"/>
  <system-out/>
  <testcase classname="projectToTest.theTestCases" name="addRandomItem" time="13.877"/>
  <system-out/>
</testsuite> <!-- projectToTest.theTestCases -->
