<?xml version="1.0" encoding="UTF-8"?>
<!-- Generated by org.testng.reporters.JUnitReportReporter -->
<testsuite hostname="LAPTOP-RQ5ADVUS" failures="0" tests="5" name="projectToAutomate.theTestCases" time="77.696" errors="0" timestamp="2024-02-20T17:09:27 EET" skipped="0">
  <testcase classname="projectToAutomate.theTestCases" name="sinpupTest" time="4.886"/>
  <system-out/>
  <testcase classname="projectToAutomate.theTestCases" name="logoutTest" time="9.530"/>
  <system-out/>
  <testcase classname="projectToAutomate.theTestCases" name="loginTest" time="6.324"/>
  <system-out/>
  <testcase classname="projectToAutomate.theTestCases" name="addFirstThreeItem" time="44.373"/>
  <system-out/>
  <testcase classname="projectToAutomate.theTestCases" name="addRandomItem" time="12.583"/>
  <system-out/>
</testsuite> <!-- projectToAutomate.theTestCases -->
