<?xml version="1.0" encoding="UTF-8"?>
<!-- Generated by org.testng.reporters.JUnitReportReporter -->
<testsuite hostname="LAPTOP-RQ5ADVUS" failures="0" tests="5" name="projectToAutomate.theTestCases" time="66.208" errors="0" timestamp="2024-02-01T07:37:17 EET" skipped="0">
  <testcase classname="projectToAutomate.theTestCases" name="sinpupTest" time="4.314"/>
  <system-out/>
  <testcase classname="projectToAutomate.theTestCases" name="logoutTest" time="9.364"/>
  <system-out/>
  <testcase classname="projectToAutomate.theTestCases" name="loginTest" time="5.440"/>
  <system-out/>
  <testcase classname="projectToAutomate.theTestCases" name="addFirstThreeItem" time="34.818"/>
  <system-out/>
  <testcase classname="projectToAutomate.theTestCases" name="addRandomItem" time="12.272"/>
  <system-out/>
</testsuite> <!-- projectToAutomate.theTestCases -->
